<?xml version="1.0" encoding="UTF-8"?>
<!-- Generated by org.testng.reporters.JUnitReportReporter -->
<testsuite skipped="0" hostname="Dell123" name="api.test.DDTest" tests="6" failures="0" timestamp="2023-08-23T23:00:04 IST" time="17.255" errors="0">
  <testcase name="post" time="2.859" classname="api.test.DDTest"/>
  <system-out/>
  <testcase name="post" time="5.442" classname="api.test.DDTest"/>
  <system-out/>
  <testcase name="post" time="1.941" classname="api.test.DDTest"/>
  <system-out/>
  <testcase name="testDelete" time="2.244" classname="api.test.DDTest"/>
  <system-out/>
  <testcase name="testDelete" time="2.722" classname="api.test.DDTest"/>
  <system-out/>
  <testcase name="testDelete" time="2.047" classname="api.test.DDTest"/>
  <system-out/>
</testsuite> <!-- api.test.DDTest -->
