<?xml version="1.0" encoding="UTF-8"?>
<!-- Generated by org.testng.reporters.JUnitReportReporter -->
<testsuite skipped="0" hostname="Dell123" name="api.test.UserTest" tests="4" failures="0" timestamp="2023-08-23T23:50:00 IST" time="13.897" errors="0">
  <testcase name="testPostUser" time="5.070" classname="api.test.UserTest"/>
  <system-out/>
  <testcase name="testGetUserByName" time="2.000" classname="api.test.UserTest"/>
  <system-out/>
  <testcase name="testupdateUserByName" time="4.280" classname="api.test.UserTest"/>
  <system-out/>
  <testcase name="testDeleteUserByName" time="2.547" classname="api.test.UserTest"/>
  <system-out/>
</testsuite> <!-- api.test.UserTest -->
