<?xml version="1.0" encoding="UTF-8"?>
<!-- Generated by org.testng.reporters.JUnitReportReporter -->
<testsuite skipped="0" hostname="Dell123" name="api.test.UserTest1" tests="4" failures="0" timestamp="2023-08-24T13:36:59 IST" time="11.048" errors="0">
  <testcase name="testPostUser" time="4.232" classname="api.test.UserTest1"/>
  <system-out/>
  <testcase name="testGetUserByName" time="1.735" classname="api.test.UserTest1"/>
  <system-out/>
  <testcase name="testupdateUserByName" time="3.456" classname="api.test.UserTest1"/>
  <system-out/>
  <testcase name="testDeleteUserByName" time="1.625" classname="api.test.UserTest1"/>
  <system-out/>
</testsuite> <!-- api.test.UserTest1 -->
